        -:    0:Source:src/InsertionSort.c
        -:    0:Programs:6
        -:    1:#include "Sorting.h"
        -:    2:
        2:    3:int* InsertionSort(int array_ptr[], int array_size)
        -:    4:{
        -:    5:    int i, j, temp;
        6:    6:    for (i = 1; i < array_size; i++) {
        4:    7:        temp = array_ptr[i];
        4:    8:        j = i - 1;
        -:    9: 
        -:   10:        /* Move elements of arr[0..i-1], that are
        -:   11:          greater than key, to one position ahead
        -:   12:          of their current position */
        6:   13:        while (j >= 0 && array_ptr[j] > temp) {
        2:   14:            array_ptr[j + 1] = array_ptr[j];
        2:   15:            j = j - 1;
        -:   16:        }
        4:   17:        array_ptr[j + 1] = temp;
        -:   18:    }
        -:   19:
        -:   20:    
        -:   21:   // Display(array_ptr,array_size);
        2:   22:   return array_ptr;
        -:   23:}
