        -:    0:Source:src/SelectionSort.c
        -:    0:Programs:6
        -:    1:#include "Sorting.h"
        -:    2:
        2:    3:int* SelectionSort(int* array_ptr, int array_size)
        -:    4:{
        -:    5:    int i, j, min_idx;
        -:    6:  
        -:    7:    // One by one move boundary of unsorted subarray
        7:    8:    for (i = 0; i < array_size-1; i++)
        -:    9:    {
        -:   10:        // Find the minimum element in unsorted array
        5:   11:        min_idx = i;
       14:   12:        for (j = i+1; j < array_size; j++)
        9:   13:          if (array_ptr[j] < array_ptr[min_idx])
        5:   14:            min_idx = j;
        -:   15:  
        -:   16:        // Swap the found minimum element with the first element
        5:   17:        swap(&array_ptr[min_idx], &array_ptr[i]);
        -:   18:    }
        2:   19:    return array_ptr;
        -:   20:}
